2024-02-15 16:20:47,096:INFO:discord: Logado como anuncios bot#7279
2024-02-15 16:20:47,103:INFO:discord: Extensão commands.py carregada com sucesso
2024-02-15 16:20:47,104:INFO:discord: Sincronizado 0 comandos
2024-02-15 16:20:47,104:INFO:discord: Versão discord.py: 2.3.2
2024-02-15 16:20:47,104:INFO:discord: Versão python: 3.9.13
2024-02-15 16:20:47,104:INFO:discord: Rodando em: Windows 10 (nt)
2024-02-15 16:21:12,598:INFO:discord: Comando: /anunciar # RedeSGP RankUP Está de Volta! <a:fire_gif:1088868157399257098> 
> 
> Prepare-se para a grandiosidade, pois a RedeSGP redefine o padrão com a reabertura do servidor de RankUP. Uma fusão magistral de desafios empolgantes e inovações aguarda sua presença. Este não é apenas um retorno; é a ascensão de uma experiência lendária. Junte-se à elite dos jogadores na RedeSGP e escreva o próximo capítulo da sua saga de RankUP. Seja parte da excelência. Seja parte da história. Este é o ápice. Este é o melhor. Este é o retorno triunfante da RedeSGP!
> 
> **Data: 12/01/2024
> Horário: 15h**
> 
> # IMPORTANTE <a:ALERTSGP:930845088614084708> 
> **Temporada com PREMIAÇÃO DE R$ 200,00**
> 
> # PRÉ-VENDA ABERTA ATÉ DIA 12/01 00H<a:clock2:1088835462396903465> 
> 
> Estamos com a pré-venda dos VIPs e UNBAN do Rankup GOW, abertas você pode comprar VIP ou UNBAN com 60% de desconto em **loja.redesgp.com**, esse cupom ficará disponível até o dia da abertura do Rankup GOW 
> 
> 60% desconto em vip diamante, esmeralda e unban use o Cupom **ABERTURA60**
> 
> Preços com o CUPOM **ABERTURA60**
> 
> <a:diamond_gif:1085045955629432923>  VIP Diamond 1 Mês por  R$ 12,59
> <:blocoesmeralda:1187234761874341970>   VIP Emerald 1 Mês por  R$ 20,99
> <:Bedrock:1116059433055821864>: VIP Bedrock 1 Mês por  R$ 27,99 por nozembr
2024-02-15 16:22:20,720:INFO:discord: Comando: /anunciar # RedeSGP RankUP Está de Volta! 🔥 
> 
> Prepare-se para a grandiosidade, pois a RedeSGP redefine o padrão com a reabertura do servidor de RankUP. Uma fusão magistral de desafios empolgantes e inovações aguarda sua presença. Este não é apenas um retorno; é a ascensão de uma experiência lendária. Junte-se à elite dos jogadores na RedeSGP e escreva o próximo capítulo da sua saga de RankUP. Seja parte da excelência. Seja parte da história. Este é o ápice. Este é o melhor. Este é o retorno triunfante da RedeSGP!
> 
> **Data: 12/01/2024
> Horário: 15h**
> 
> # IMPORTANTE <:Alerta:1049053671020835016> 
> **Temporada com PREMIAÇÃO DE R$ 200,00**
> 
> # PRÉ-VENDA ABERTA ATÉ DIA 12/01 00H<a:clock2:1088835462396903465> 
> 
> Estamos com a pré-venda dos VIPs e UNBAN do Rankup GOW, abertas você pode comprar VIP ou UNBAN com 60% de desconto em **loja.redesgp.com**, esse cupom ficará disponível até o dia da abertura do Rankup GOW 
> 
> 60% desconto em vip diamante, esmeralda e unban use o Cupom **ABERTURA60** por nozembr
2024-02-15 16:22:57,561:INFO:discord: Comando: /anunciar # RedeSGP RankUP Está de Volta! 🔥 
> 
> Prepare-se para a grandiosidade, pois a RedeSGP redefine o padrão com a reabertura do servidor de RankUP. Uma fusão magistral de desafios empolgantes e inovações aguarda sua presença. Este não é apenas um retorno; é a ascensão de uma experiência lendária. Junte-se à elite dos jogadores na RedeSGP e escreva o próximo capítulo da sua saga de RankUP. Seja parte da excelência. Seja parte da história. Este é o ápice. Este é o melhor. Este é o retorno triunfante da RedeSGP!
> 
> **Data: 12/01/2024
> Horário: 15h**
> 
> # IMPORTANTE 📢  
> **Temporada com PREMIAÇÃO DE R$ 200,00**
> 
> # PRÉ-VENDA ABERTA ATÉ DIA 12/01 00H<a:clock2:1088835462396903465> 
> 
> Estamos com a pré-venda dos VIPs e UNBAN do Rankup GOW, abertas você pode comprar VIP ou UNBAN com 60% de desconto em **loja.redesgp.com**, esse cupom ficará disponível até o dia da abertura do Rankup GOW 
> 
> 60% desconto em vip diamante, esmeralda e unban use o Cupom **ABERTURA60** por nozembr
2024-02-15 16:27:47,715:INFO:discord: Comando: /anunciar a por nozembr
